# JRE version: OpenJDK Runtime Environment Temurin-21.0.9+10 (21.0.9+10) (build 21.0.9+10-LTS)
# Java VM: OpenJDK 64-Bit Server VM Temurin-21.0.9+10 (21.0.9+10-LTS, mixed mode, sharing, tiered, compressed oops, compressed class ptrs, parallel gc, windows-amd64)
GC Precious Log:
 CardTable entry size: 512
 CPUs: 8 total, 8 available
 Memory: 3941M
 Large Page Support: Disabled
 NUMA Support: Disabled
 Compressed Oops: Enabled (32-bit)
 Alignments: Space 512K, Generation 512K, Heap 2M
 Heap Min Capacity: 100M
 Heap Initial Capacity: 100M
 Heap Max Capacity: 2G
 Pre-touch: Disabled
 Parallel Workers: 8
Heap:
 PSYoungGen      total 8704K, used 7288K [0x00000000d5580000, 0x00000000d6200000, 0x0000000100000000)
  eden space 7168K, 87% used [0x00000000d5580000,0x00000000d5b98fa8,0x00000000d5c80000)
  from space 1536K, 68% used [0x00000000d5c80000,0x00000000d5d85200,0x00000000d5e00000)
  to   space 2560K, 0% used [0x00000000d5f80000,0x00000000d5f80000,0x00000000d6200000)
 ParOldGen       total 420864K, used 420602K [0x0000000080000000, 0x0000000099b00000, 0x00000000d5580000)
  object space 420864K, 99% used [0x0000000080000000,0x0000000099abebc8,0x0000000099b00000)
 Metaspace       used 104110K, committed 105856K, reserved 1179648K
  class space    used 10520K, committed 11328K, reserved 1048576K
GC Heap History (20 events):
Event: 19674.068 GC heap before
{Heap before GC invocations=4599 (full 11):
 PSYoungGen      total 8192K, used 8023K [0x00000000d5580000, 0x00000000d6300000, 0x0000000100000000)
  eden space 7168K, 100% used [0x00000000d5580000,0x00000000d5c80000,0x00000000d5c80000)
  from space 1024K, 83% used [0x00000000d6180000,0x00000000d6255d30,0x00000000d6280000)
  to   space 512K, 0% used [0x00000000d6280000,0x00000000d6280000,0x00000000d6300000)
 ParOldGen       total 410112K, used 409835K [0x0000000080000000, 0x0000000099080000, 0x00000000d5580000)
  object space 410112K, 99% used [0x0000000080000000,0x000000009903aee0,0x0000000099080000)
 Metaspace       used 104105K, committed 105856K, reserved 1179648K
  class space    used 10520K, committed 11328K, reserved 1048576K
}
Event: 19674.074 GC heap after
{Heap after GC invocations=4599 (full 11):
 PSYoungGen      total 7680K, used 320K [0x00000000d5580000, 0x00000000d6300000, 0x0000000100000000)
  eden space 7168K, 0% used [0x00000000d5580000,0x00000000d5580000,0x00000000d5c80000)
  from space 512K, 62% used [0x00000000d6280000,0x00000000d62d0020,0x00000000d6300000)
  to   space 1024K, 0% used [0x00000000d6100000,0x00000000d6100000,0x00000000d6200000)
 ParOldGen       total 410112K, used 410027K [0x0000000080000000, 0x0000000099080000, 0x00000000d5580000)
  object space 410112K, 99% used [0x0000000080000000,0x000000009906adc0,0x0000000099080000)
 Metaspace       used 104105K, committed 105856K, reserved 1179648K
  class space    used 10520K, committed 11328K, reserved 1048576K
}
Event: 19685.656 GC heap before
{Heap before GC invocations=4600 (full 11):
 PSYoungGen      total 7680K, used 7488K [0x00000000d5580000, 0x00000000d6300000, 0x0000000100000000)
  eden space 7168K, 100% used [0x00000000d5580000,0x00000000d5c80000,0x00000000d5c80000)
  from space 512K, 62% used [0x00000000d6280000,0x00000000d62d0020,0x00000000d6300000)
  to   space 1024K, 0% used [0x00000000d6100000,0x00000000d6100000,0x00000000d6200000)
 ParOldGen       total 410112K, used 410027K [0x0000000080000000, 0x0000000099080000, 0x00000000d5580000)
  object space 410112K, 99% used [0x0000000080000000,0x000000009906adc0,0x0000000099080000)
 Metaspace       used 104108K, committed 105856K, reserved 1179648K
  class space    used 10520K, committed 11328K, reserved 1048576K
}
Event: 19685.662 GC heap after
{Heap after GC invocations=4600 (full 11):
 PSYoungGen      total 8192K, used 996K [0x00000000d5580000, 0x00000000d6480000, 0x0000000100000000)
  eden space 7168K, 0% used [0x00000000d5580000,0x00000000d5580000,0x00000000d5c80000)
  from space 1024K, 97% used [0x00000000d6100000,0x00000000d61f9200,0x00000000d6200000)
  to   space 2560K, 0% used [0x00000000d6200000,0x00000000d6200000,0x00000000d6480000)
 ParOldGen       total 412672K, used 412467K [0x0000000080000000, 0x0000000099300000, 0x00000000d5580000)
  object space 412672K, 99% used [0x0000000080000000,0x00000000992ccdc0,0x0000000099300000)
 Metaspace       used 104108K, committed 105856K, reserved 1179648K
  class space    used 10520K, committed 11328K, reserved 1048576K
}
Event: 19685.699 GC heap before
{Heap before GC invocations=4601 (full 11):
 PSYoungGen      total 8192K, used 8164K [0x00000000d5580000, 0x00000000d6480000, 0x0000000100000000)
  eden space 7168K, 100% used [0x00000000d5580000,0x00000000d5c80000,0x00000000d5c80000)
  from space 1024K, 97% used [0x00000000d6100000,0x00000000d61f9200,0x00000000d6200000)
  to   space 2560K, 0% used [0x00000000d6200000,0x00000000d6200000,0x00000000d6480000)
 ParOldGen       total 412672K, used 412467K [0x0000000080000000, 0x0000000099300000, 0x00000000d5580000)
  object space 412672K, 99% used [0x0000000080000000,0x00000000992ccdc0,0x0000000099300000)
 Metaspace       used 104108K, committed 105856K, reserved 1179648K
  class space    used 10520K, committed 11328K, reserved 1048576K
}
Event: 19685.700 GC heap after
{Heap after GC invocations=4601 (full 11):
 PSYoungGen      total 8192K, used 570K [0x00000000d5580000, 0x00000000d6300000, 0x0000000100000000)
  eden space 7168K, 0% used [0x00000000d5580000,0x00000000d5580000,0x00000000d5c80000)
  from space 1024K, 55% used [0x00000000d6200000,0x00000000d628e900,0x00000000d6300000)
  to   space 2048K, 0% used [0x00000000d5f00000,0x00000000d5f00000,0x00000000d6100000)
 ParOldGen       total 412672K, used 412531K [0x0000000080000000, 0x0000000099300000, 0x00000000d5580000)
  object space 412672K, 99% used [0x0000000080000000,0x00000000992dcdc0,0x0000000099300000)
 Metaspace       used 104108K, committed 105856K, reserved 1179648K
  class space    used 10520K, committed 11328K, reserved 1048576K
}
Event: 19685.712 GC heap before
{Heap before GC invocations=4602 (full 11):
 PSYoungGen      total 8192K, used 7738K [0x00000000d5580000, 0x00000000d6300000, 0x0000000100000000)
  eden space 7168K, 100% used [0x00000000d5580000,0x00000000d5c80000,0x00000000d5c80000)
  from space 1024K, 55% used [0x00000000d6200000,0x00000000d628e900,0x00000000d6300000)
  to   space 2048K, 0% used [0x00000000d5f00000,0x00000000d5f00000,0x00000000d6100000)
 ParOldGen       total 412672K, used 412531K [0x0000000080000000, 0x0000000099300000, 0x00000000d5580000)
  object space 412672K, 99% used [0x0000000080000000,0x00000000992dcdc0,0x0000000099300000)
 Metaspace       used 104108K, committed 105856K, reserved 1179648K
  class space    used 10520K, committed 11328K, reserved 1048576K
}
Event: 19685.714 GC heap after
{Heap after GC invocations=4602 (full 11):
 PSYoungGen      total 9216K, used 768K [0x00000000d5580000, 0x00000000d6280000, 0x0000000100000000)
  eden space 7168K, 0% used [0x00000000d5580000,0x00000000d5580000,0x00000000d5c80000)
  from space 2048K, 37% used [0x00000000d5f00000,0x00000000d5fc0000,0x00000000d6100000)
  to   space 1024K, 0% used [0x00000000d6180000,0x00000000d6180000,0x00000000d6280000)
 ParOldGen       total 413184K, used 412959K [0x0000000080000000, 0x0000000099380000, 0x00000000d5580000)
  object space 413184K, 99% used [0x0000000080000000,0x0000000099347e80,0x0000000099380000)
 Metaspace       used 104108K, committed 105856K, reserved 1179648K
  class space    used 10520K, committed 11328K, reserved 1048576K
}
Event: 19685.741 GC heap before
{Heap before GC invocations=4603 (full 11):
 PSYoungGen      total 9216K, used 7936K [0x00000000d5580000, 0x00000000d6280000, 0x0000000100000000)
  eden space 7168K, 100% used [0x00000000d5580000,0x00000000d5c80000,0x00000000d5c80000)
  from space 2048K, 37% used [0x00000000d5f00000,0x00000000d5fc0000,0x00000000d6100000)
  to   space 1024K, 0% used [0x00000000d6180000,0x00000000d6180000,0x00000000d6280000)
 ParOldGen       total 413184K, used 412959K [0x0000000080000000, 0x0000000099380000, 0x00000000d5580000)
  object space 413184K, 99% used [0x0000000080000000,0x0000000099347e80,0x0000000099380000)
 Metaspace       used 104108K, committed 105856K, reserved 1179648K
  class space    used 10520K, committed 11328K, reserved 1048576K
}
Event: 19685.743 GC heap after
{Heap after GC invocations=4603 (full 11):
 PSYoungGen      total 8192K, used 1024K [0x00000000d5580000, 0x00000000d6280000, 0x0000000100000000)
  eden space 7168K, 0% used [0x00000000d5580000,0x00000000d5580000,0x00000000d5c80000)
  from space 1024K, 100% used [0x00000000d6180000,0x00000000d6280000,0x00000000d6280000)
  to   space 2048K, 0% used [0x00000000d5e80000,0x00000000d5e80000,0x00000000d6080000)
 ParOldGen       total 413696K, used 413579K [0x0000000080000000, 0x0000000099400000, 0x00000000d5580000)
  object space 413696K, 99% used [0x0000000080000000,0x00000000993e2ef0,0x0000000099400000)
 Metaspace       used 104108K, committed 105856K, reserved 1179648K
  class space    used 10520K, committed 11328K, reserved 1048576K
}
Event: 19685.825 GC heap before
{Heap before GC invocations=4604 (full 11):
 PSYoungGen      total 8192K, used 8192K [0x00000000d5580000, 0x00000000d6280000, 0x0000000100000000)
  eden space 7168K, 100% used [0x00000000d5580000,0x00000000d5c80000,0x00000000d5c80000)
  from space 1024K, 100% used [0x00000000d6180000,0x00000000d6280000,0x00000000d6280000)
  to   space 2048K, 0% used [0x00000000d5e80000,0x00000000d5e80000,0x00000000d6080000)
 ParOldGen       total 413696K, used 413579K [0x0000000080000000, 0x0000000099400000, 0x00000000d5580000)
  object space 413696K, 99% used [0x0000000080000000,0x00000000993e2ef0,0x0000000099400000)
 Metaspace       used 104108K, committed 105856K, reserved 1179648K
  class space    used 10520K, committed 11328K, reserved 1048576K
}
Event: 19685.828 GC heap after
{Heap after GC invocations=4604 (full 11):
 PSYoungGen      total 9216K, used 672K [0x00000000d5580000, 0x00000000d6200000, 0x0000000100000000)
  eden space 7168K, 0% used [0x00000000d5580000,0x00000000d5580000,0x00000000d5c80000)
  from space 2048K, 32% used [0x00000000d5e80000,0x00000000d5f28000,0x00000000d6080000)
  to   space 1024K, 0% used [0x00000000d6100000,0x00000000d6100000,0x00000000d6200000)
 ParOldGen       total 414720K, used 414479K [0x0000000080000000, 0x0000000099500000, 0x00000000d5580000)
  object space 414720K, 99% used [0x0000000080000000,0x00000000994c3f00,0x0000000099500000)
 Metaspace       used 104108K, committed 105856K, reserved 1179648K
  class space    used 10520K, committed 11328K, reserved 1048576K
}
Event: 19686.621 GC heap before
{Heap before GC invocations=4605 (full 11):
 PSYoungGen      total 9216K, used 7840K [0x00000000d5580000, 0x00000000d6200000, 0x0000000100000000)
  eden space 7168K, 100% used [0x00000000d5580000,0x00000000d5c80000,0x00000000d5c80000)
  from space 2048K, 32% used [0x00000000d5e80000,0x00000000d5f28000,0x00000000d6080000)
  to   space 1024K, 0% used [0x00000000d6100000,0x00000000d6100000,0x00000000d6200000)
 ParOldGen       total 414720K, used 414479K [0x0000000080000000, 0x0000000099500000, 0x00000000d5580000)
  object space 414720K, 99% used [0x0000000080000000,0x00000000994c3f00,0x0000000099500000)
 Metaspace       used 104108K, committed 105856K, reserved 1179648K
  class space    used 10520K, committed 11328K, reserved 1048576K
}
Event: 19686.623 GC heap after
{Heap after GC invocations=4605 (full 11):
 PSYoungGen      total 8192K, used 890K [0x00000000d5580000, 0x00000000d6200000, 0x0000000100000000)
  eden space 7168K, 0% used [0x00000000d5580000,0x00000000d5580000,0x00000000d5c80000)
  from space 1024K, 86% used [0x00000000d6100000,0x00000000d61de900,0x00000000d6200000)
  to   space 1024K, 0% used [0x00000000d6000000,0x00000000d6000000,0x00000000d6100000)
 ParOldGen       total 415232K, used 415103K [0x0000000080000000, 0x0000000099580000, 0x00000000d5580000)
  object space 415232K, 99% used [0x0000000080000000,0x000000009955fe58,0x0000000099580000)
 Metaspace       used 104108K, committed 105856K, reserved 1179648K
  class space    used 10520K, committed 11328K, reserved 1048576K
}
Event: 19686.640 GC heap before
{Heap before GC invocations=4606 (full 11):
 PSYoungGen      total 8192K, used 8006K [0x00000000d5580000, 0x00000000d6200000, 0x0000000100000000)
  eden space 7168K, 99% used [0x00000000d5580000,0x00000000d5c732a8,0x00000000d5c80000)
  from space 1024K, 86% used [0x00000000d6100000,0x00000000d61de900,0x00000000d6200000)
  to   space 1024K, 0% used [0x00000000d6000000,0x00000000d6000000,0x00000000d6100000)
 ParOldGen       total 415232K, used 415103K [0x0000000080000000, 0x0000000099580000, 0x00000000d5580000)
  object space 415232K, 99% used [0x0000000080000000,0x000000009955fe58,0x0000000099580000)
 Metaspace       used 104108K, committed 105856K, reserved 1179648K
  class space    used 10520K, committed 11328K, reserved 1048576K
}
Event: 19686.643 GC heap after
{Heap after GC invocations=4606 (full 11):
 PSYoungGen      total 8192K, used 1015K [0x00000000d5580000, 0x00000000d6680000, 0x0000000100000000)
  eden space 7168K, 0% used [0x00000000d5580000,0x00000000d5580000,0x00000000d5c80000)
  from space 1024K, 99% used [0x00000000d6000000,0x00000000d60fdf50,0x00000000d6100000)
  to   space 5120K, 0% used [0x00000000d6180000,0x00000000d6180000,0x00000000d6680000)
 ParOldGen       total 418816K, used 418379K [0x0000000080000000, 0x0000000099900000, 0x00000000d5580000)
  object space 418816K, 99% used [0x0000000080000000,0x0000000099892d28,0x0000000099900000)
 Metaspace       used 104108K, committed 105856K, reserved 1179648K
  class space    used 10520K, committed 11328K, reserved 1048576K
}
Event: 19686.661 GC heap before
{Heap before GC invocations=4607 (full 11):
 PSYoungGen      total 8192K, used 8183K [0x00000000d5580000, 0x00000000d6680000, 0x0000000100000000)
  eden space 7168K, 100% used [0x00000000d5580000,0x00000000d5c80000,0x00000000d5c80000)
  from space 1024K, 99% used [0x00000000d6000000,0x00000000d60fdf50,0x00000000d6100000)
  to   space 5120K, 0% used [0x00000000d6180000,0x00000000d6180000,0x00000000d6680000)
 ParOldGen       total 418816K, used 418379K [0x0000000080000000, 0x0000000099900000, 0x00000000d5580000)
  object space 418816K, 99% used [0x0000000080000000,0x0000000099892d28,0x0000000099900000)
 Metaspace       used 104109K, committed 105856K, reserved 1179648K
  class space    used 10520K, committed 11328K, reserved 1048576K
}
Event: 19686.664 GC heap after
{Heap after GC invocations=4607 (full 11):
 PSYoungGen      total 12288K, used 4577K [0x00000000d5580000, 0x00000000d6680000, 0x0000000100000000)
  eden space 7168K, 0% used [0x00000000d5580000,0x00000000d5580000,0x00000000d5c80000)
  from space 5120K, 89% used [0x00000000d6180000,0x00000000d65f8450,0x00000000d6680000)
  to   space 5120K, 0% used [0x00000000d5c80000,0x00000000d5c80000,0x00000000d6180000)
 ParOldGen       total 419840K, used 419434K [0x0000000080000000, 0x0000000099a00000, 0x00000000d5580000)
  object space 419840K, 99% used [0x0000000080000000,0x000000009999ab78,0x0000000099a00000)
 Metaspace       used 104109K, committed 105856K, reserved 1179648K
  class space    used 10520K, committed 11328K, reserved 1048576K
}
Event: 19686.680 GC heap before
{Heap before GC invocations=4608 (full 11):
 PSYoungGen      total 12288K, used 11745K [0x00000000d5580000, 0x00000000d6680000, 0x0000000100000000)
  eden space 7168K, 100% used [0x00000000d5580000,0x00000000d5c80000,0x00000000d5c80000)
  from space 5120K, 89% used [0x00000000d6180000,0x00000000d65f8450,0x00000000d6680000)
  to   space 5120K, 0% used [0x00000000d5c80000,0x00000000d5c80000,0x00000000d6180000)
 ParOldGen       total 419840K, used 419434K [0x0000000080000000, 0x0000000099a00000, 0x00000000d5580000)
  object space 419840K, 99% used [0x0000000080000000,0x000000009999ab78,0x0000000099a00000)
 Metaspace       used 104110K, committed 105856K, reserved 1179648K
  class space    used 10520K, committed 11328K, reserved 1048576K
}
Event: 19686.683 GC heap after
{Heap after GC invocations=4608 (full 11):
 PSYoungGen      total 8704K, used 1044K [0x00000000d5580000, 0x00000000d6200000, 0x0000000100000000)
  eden space 7168K, 0% used [0x00000000d5580000,0x00000000d5580000,0x00000000d5c80000)
  from space 1536K, 68% used [0x00000000d5c80000,0x00000000d5d85200,0x00000000d5e00000)
  to   space 2560K, 0% used [0x00000000d5f80000,0x00000000d5f80000,0x00000000d6200000)
 ParOldGen       total 420864K, used 420602K [0x0000000080000000, 0x0000000099b00000, 0x00000000d5580000)
  object space 420864K, 99% used [0x0000000080000000,0x0000000099abebc8,0x0000000099b00000)
 Metaspace       used 104110K, committed 105856K, reserved 1179648K
  class space    used 10520K, committed 11328K, reserved 1048576K
}

